2023-08-18T04:41:53.424625+00:00 INFO 'ansible_navigator.setup_logger' New ansible-navigator instance, logging initialized
2023-08-18T04:41:53.424985+00:00 INFO 'ansible_navigator.setup_logger' New ansible-runner instance, logging initialized
2023-08-18T04:41:53.425039+00:00 DEBUG 'ansible_navigator.main' ansible-builder==1.1.0 /usr/lib/python3.9/site-packages
2023-08-18T04:41:53.425066+00:00 DEBUG 'ansible_navigator.main' ansible-core==2.13.4 /usr/lib/python3.9/site-packages
2023-08-18T04:41:53.425090+00:00 DEBUG 'ansible_navigator.main' ansible-navigator==2.1.0 /usr/lib/python3.9/site-packages
2023-08-18T04:41:53.425112+00:00 DEBUG 'ansible_navigator.main' ansible-runner==2.2.1 /usr/lib/python3.9/site-packages
2023-08-18T04:41:53.425132+00:00 DEBUG 'ansible_navigator.main' attrs==21.4.0 /usr/lib/python3.9/site-packages
2023-08-18T04:41:53.425153+00:00 DEBUG 'ansible_navigator.main' bindep==2.10.2 /usr/lib/python3.9/site-packages
2023-08-18T04:41:53.425173+00:00 DEBUG 'ansible_navigator.main' cffi==1.14.3 /usr/lib64/python3.9/site-packages
2023-08-18T04:41:53.425193+00:00 DEBUG 'ansible_navigator.main' cryptography==3.3.1 /usr/lib64/python3.9/site-packages
2023-08-18T04:41:53.425212+00:00 DEBUG 'ansible_navigator.main' distro==1.6.0 /usr/lib/python3.9/site-packages
2023-08-18T04:41:53.425232+00:00 DEBUG 'ansible_navigator.main' docutils==0.16 /usr/lib/python3.9/site-packages
2023-08-18T04:41:53.425252+00:00 DEBUG 'ansible_navigator.main' idna==2.10 /usr/lib/python3.9/site-packages
2023-08-18T04:41:53.425271+00:00 DEBUG 'ansible_navigator.main' importlib-metadata==4.10.1 /usr/lib/python3.9/site-packages
2023-08-18T04:41:53.425301+00:00 DEBUG 'ansible_navigator.main' jinja2==3.0.3 /usr/lib/python3.9/site-packages
2023-08-18T04:41:53.425339+00:00 DEBUG 'ansible_navigator.main' jsonschema==4.6.0 /usr/lib/python3.9/site-packages
2023-08-18T04:41:53.425359+00:00 DEBUG 'ansible_navigator.main' lockfile==0.12.2 /usr/lib/python3.9/site-packages
2023-08-18T04:41:53.425379+00:00 DEBUG 'ansible_navigator.main' markupsafe==2.1.0 /usr/lib64/python3.9/site-packages
2023-08-18T04:41:53.425399+00:00 DEBUG 'ansible_navigator.main' onigurumacffi==1.1.0 /usr/lib64/python3.9/site-packages
2023-08-18T04:41:53.425418+00:00 DEBUG 'ansible_navigator.main' packaging==21.3 /usr/lib/python3.9/site-packages
2023-08-18T04:41:53.425438+00:00 DEBUG 'ansible_navigator.main' parsley==1.3 /usr/lib/python3.9/site-packages
2023-08-18T04:41:53.425457+00:00 DEBUG 'ansible_navigator.main' pbr==5.8.1 /usr/lib/python3.9/site-packages
2023-08-18T04:41:53.425477+00:00 DEBUG 'ansible_navigator.main' pexpect==4.8.0 /usr/lib/python3.9/site-packages
2023-08-18T04:41:53.425497+00:00 DEBUG 'ansible_navigator.main' pip==20.2.4 /usr/lib/python3.9/site-packages
2023-08-18T04:41:53.425516+00:00 DEBUG 'ansible_navigator.main' ply==3.11 /usr/lib/python3.9/site-packages
2023-08-18T04:41:53.425536+00:00 DEBUG 'ansible_navigator.main' ptyprocess==0.6.0 /usr/lib/python3.9/site-packages
2023-08-18T04:41:53.425555+00:00 DEBUG 'ansible_navigator.main' pycparser==2.20 /usr/lib/python3.9/site-packages
2023-08-18T04:41:53.425575+00:00 DEBUG 'ansible_navigator.main' pyparsing==2.4.7 /usr/lib/python3.9/site-packages
2023-08-18T04:41:53.425594+00:00 DEBUG 'ansible_navigator.main' pyrsistent==0.18.1 /usr/lib64/python3.9/site-packages
2023-08-18T04:41:53.425613+00:00 DEBUG 'ansible_navigator.main' python-daemon==2.3.0 /usr/lib/python3.9/site-packages
2023-08-18T04:41:53.425632+00:00 DEBUG 'ansible_navigator.main' pyyaml==5.4.1 /usr/lib64/python3.9/site-packages
2023-08-18T04:41:53.425651+00:00 DEBUG 'ansible_navigator.main' requirements-parser==0.2.0 /usr/lib/python3.9/site-packages
2023-08-18T04:41:53.425671+00:00 DEBUG 'ansible_navigator.main' resolvelib==0.5.4 /usr/lib/python3.9/site-packages
2023-08-18T04:41:53.425690+00:00 DEBUG 'ansible_navigator.main' setuptools==50.3.2 /usr/lib/python3.9/site-packages
2023-08-18T04:41:53.425709+00:00 DEBUG 'ansible_navigator.main' six==1.15.0 /usr/lib/python3.9/site-packages
2023-08-18T04:41:53.425728+00:00 DEBUG 'ansible_navigator.main' typing-extensions==3.10.0.2 /usr/lib/python3.9/site-packages
2023-08-18T04:41:53.425764+00:00 DEBUG 'ansible_navigator.main' zipp==3.4.0 /usr/lib/python3.9/site-packages
2023-08-18T04:41:53.425786+00:00 DEBUG 'ansible_navigator.main' Share directory '/usr/lib/python3.9/share/ansible_navigator' not found (development path)
2023-08-18T04:41:53.425806+00:00 DEBUG 'ansible_navigator.main' Share directory '/home/student/.local/share/ansible_navigator' not found (userbase)
2023-08-18T04:41:53.425825+00:00 DEBUG 'ansible_navigator.main' Share directory '/usr/share/ansible_navigator' found (sys.prefix)
2023-08-18T04:41:53.425845+00:00 DEBUG 'ansible_navigator.main' Default collection_doc_cache_path set to: /home/student/.cache/ansible-navigator/collection_doc_cache.db
2023-08-18T04:41:53.425865+00:00 DEBUG 'ansible_navigator.main' EDITOR environment variable not set
2023-08-18T04:41:53.425885+00:00 DEBUG 'ansible_navigator.main' Default editor_command set to: vi +{line_number} {filename}
2023-08-18T04:41:53.425905+00:00 DEBUG 'ansible_navigator.main' No config file set by ANSIBLE_NAVIGATOR_CONFIG
2023-08-18T04:41:53.425924+00:00 DEBUG 'ansible_navigator.main' Looking in /home/student
2023-08-18T04:41:53.425944+00:00 DEBUG 'ansible_navigator.main' Looking for '/home/student/.ansible-navigator.yml', '/home/student/.ansible-navigator.yaml' and '/home/student/.ansible-navigator.json'
2023-08-18T04:41:53.425964+00:00 DEBUG 'ansible_navigator.main' Found 0: 
2023-08-18T04:41:53.425983+00:00 DEBUG 'ansible_navigator.main' Looking in /home/student/devops
2023-08-18T04:41:53.426003+00:00 DEBUG 'ansible_navigator.main' Looking for '/home/student/devops/ansible-navigator.yml', '/home/student/devops/ansible-navigator.yaml' and '/home/student/devops/ansible-navigator.json'
2023-08-18T04:41:53.426022+00:00 DEBUG 'ansible_navigator.main' Found 1: '/home/student/devops/ansible-navigator.yml'
2023-08-18T04:41:53.426042+00:00 DEBUG 'ansible_navigator.main' All found 1: '/home/student/devops/ansible-navigator.yml'
2023-08-18T04:41:53.426060+00:00 DEBUG 'ansible_navigator.main' Using: /home/student/devops/ansible-navigator.yml
2023-08-18T04:41:53.426080+00:00 DEBUG 'ansible_navigator.main' Using settings file at /home/student/devops/ansible-navigator.yml in search path
2023-08-18T04:41:53.426099+00:00 DEBUG 'ansible_navigator.main' Command provided: 'images --eei ee-motd-minimal:1.0 -m stdin'
2023-08-18T04:41:53.426118+00:00 DEBUG 'ansible_navigator.main' ansible-navigator.ansible-runner.artifact-dir not found in settings file
2023-08-18T04:41:53.426137+00:00 DEBUG 'ansible_navigator.main' ansible-navigator.ansible-runner.rotate-artifacts-count not found in settings file
2023-08-18T04:41:53.426157+00:00 DEBUG 'ansible_navigator.main' ansible-navigator.ansible-runner.timeout not found in settings file
2023-08-18T04:41:53.426176+00:00 DEBUG 'ansible_navigator.main' ansible-navigator.app not found in settings file
2023-08-18T04:41:53.426195+00:00 DEBUG 'ansible_navigator.main' ansible-navigator.ansible.cmdline not found in settings file
2023-08-18T04:41:53.426214+00:00 DEBUG 'ansible_navigator.main' ansible-navigator.collection-doc-cache-path not found in settings file
2023-08-18T04:41:53.426234+00:00 DEBUG 'ansible_navigator.main' ansible-navigator.ansible.config.path not found in settings file
2023-08-18T04:41:53.426253+00:00 DEBUG 'ansible_navigator.main' ansible-navigator.execution-environment.container-engine not found in settings file
2023-08-18T04:41:53.426272+00:00 DEBUG 'ansible_navigator.main' ansible-navigator.execution-environment.container-options not found in settings file
2023-08-18T04:41:53.426374+00:00 DEBUG 'ansible_navigator.main' ansible-navigator.color.enable not found in settings file
2023-08-18T04:41:53.426402+00:00 DEBUG 'ansible_navigator.main' ansible-navigator.editor.command not found in settings file
2023-08-18T04:41:53.426421+00:00 DEBUG 'ansible_navigator.main' ansible-navigator.editor.console not found in settings file
2023-08-18T04:41:53.426440+00:00 DEBUG 'ansible_navigator.main' ansible-navigator.exec.command not found in settings file
2023-08-18T04:41:53.426464+00:00 DEBUG 'ansible_navigator.main' ansible-navigator.exec.shell not found in settings file
2023-08-18T04:41:53.426483+00:00 DEBUG 'ansible_navigator.main' ansible-navigator.execution-environment.enabled not found in settings file
2023-08-18T04:41:53.426503+00:00 DEBUG 'ansible_navigator.main' ansible-navigator.execution-environment.volume-mounts not found in settings file
2023-08-18T04:41:53.426522+00:00 DEBUG 'ansible_navigator.main' ansible-navigator.ansible-builder.help not found in settings file
2023-08-18T04:41:53.426541+00:00 DEBUG 'ansible_navigator.main' ansible-navigator.ansible.config.help not found in settings file
2023-08-18T04:41:53.426560+00:00 DEBUG 'ansible_navigator.main' ansible-navigator.ansible.doc.help not found in settings file
2023-08-18T04:41:53.426579+00:00 DEBUG 'ansible_navigator.main' ansible-navigator.ansible.inventory.help not found in settings file
2023-08-18T04:41:53.426598+00:00 DEBUG 'ansible_navigator.main' ansible-navigator.ansible.playbook.help not found in settings file
2023-08-18T04:41:53.426617+00:00 DEBUG 'ansible_navigator.main' ansible-navigator.images.details not found in settings file
2023-08-18T04:41:53.426636+00:00 DEBUG 'ansible_navigator.main' ansible-navigator.ansible.inventory.entries not found in settings file
2023-08-18T04:41:53.426655+00:00 DEBUG 'ansible_navigator.main' ansible-navigator.inventory-columns not found in settings file
2023-08-18T04:41:53.426674+00:00 DEBUG 'ansible_navigator.main' ansible-navigator.ansible-lint.config not found in settings file
2023-08-18T04:41:53.426693+00:00 DEBUG 'ansible_navigator.main' ansible-navigator.ansible-lint.lintables not found in settings file
2023-08-18T04:41:53.426712+00:00 DEBUG 'ansible_navigator.main' ansible-navigator.logging.append not found in settings file
2023-08-18T04:41:53.426731+00:00 DEBUG 'ansible_navigator.main' ansible-navigator.logging.file not found in settings file
2023-08-18T04:41:53.426750+00:00 DEBUG 'ansible_navigator.main' ansible-navigator.logging.level not found in settings file
2023-08-18T04:41:53.426769+00:00 DEBUG 'ansible_navigator.main' ansible-navigator.color.osc4 not found in settings file
2023-08-18T04:41:53.426788+00:00 DEBUG 'ansible_navigator.main' ansible-navigator.execution-environment.environment-variables.pass not found in settings file
2023-08-18T04:41:53.426807+00:00 DEBUG 'ansible_navigator.main' ansible-navigator.ansible.playbook.path not found in settings file
2023-08-18T04:41:53.426826+00:00 DEBUG 'ansible_navigator.main' ansible-navigator.playbook-artifact.replay not found in settings file
2023-08-18T04:41:53.426845+00:00 DEBUG 'ansible_navigator.main' ansible-navigator.playbook-artifact.save-as not found in settings file
2023-08-18T04:41:53.426864+00:00 DEBUG 'ansible_navigator.main' ansible-navigator.ansible.doc.plugin.name not found in settings file
2023-08-18T04:41:53.426883+00:00 DEBUG 'ansible_navigator.main' ansible-navigator.ansible.doc.plugin.type not found in settings file
2023-08-18T04:41:53.426902+00:00 DEBUG 'ansible_navigator.main' ansible-navigator.execution-environment.pull.arguments not found in settings file
2023-08-18T04:41:53.426921+00:00 DEBUG 'ansible_navigator.main' ansible-navigator.execution-environment.environment-variables.set not found in settings file
2023-08-18T04:41:53.426940+00:00 DEBUG 'ansible_navigator.main' ansible-navigator.settings.effective not found in settings file
2023-08-18T04:41:53.426959+00:00 DEBUG 'ansible_navigator.main' ansible-navigator.settings.sample not found in settings file
2023-08-18T04:41:53.426978+00:00 DEBUG 'ansible_navigator.main' ansible-navigator.settings.schema not found in settings file
2023-08-18T04:41:53.426997+00:00 DEBUG 'ansible_navigator.main' ansible-navigator.settings.sources not found in settings file
2023-08-18T04:41:53.427016+00:00 DEBUG 'ansible_navigator.main' ansible-navigator.time-zone not found in settings file
2023-08-18T04:41:53.427035+00:00 DEBUG 'ansible_navigator.main' ansible-navigator.ansible-builder.workdir not found in settings file
2023-08-18T04:41:53.427054+00:00 DEBUG 'ansible_navigator.main' EE support enabled: using current working directory for 'ansible.cfg'
2023-08-18T04:41:53.427076+00:00 INFO 'ansible_navigator.main' EE support enabled: found 'ansible.cfg' in current working directory.
2023-08-18T04:41:53.427096+00:00 DEBUG 'ansible_navigator.main' Completed post processing for ansible_runner_artifact_dir. (changed=False)
2023-08-18T04:41:53.427114+00:00 DEBUG 'ansible_navigator.main' Completed post processing for ansible_runner_rotate_artifacts_count. (changed=False)
2023-08-18T04:41:53.427133+00:00 DEBUG 'ansible_navigator.main' Completed post processing for ansible_runner_timeout. (changed=False)
2023-08-18T04:41:53.427153+00:00 DEBUG 'ansible_navigator.main' Completed post processing for cmdline. (changed=False)
2023-08-18T04:41:53.427172+00:00 DEBUG 'ansible_navigator.main' Completed post processing for collection_doc_cache_path. (changed=False)
2023-08-18T04:41:53.427191+00:00 DEBUG 'ansible_navigator.main' Completed post processing for container_engine. (changed=True)
2023-08-18T04:41:53.427210+00:00 DEBUG 'ansible_navigator.main'  before: 'auto'
2023-08-18T04:41:53.427229+00:00 DEBUG 'ansible_navigator.main'  after: 'podman'
2023-08-18T04:41:53.427249+00:00 DEBUG 'ansible_navigator.main' Completed post processing for container_options. (changed=False)
2023-08-18T04:41:53.427268+00:00 DEBUG 'ansible_navigator.main' Completed post processing for display_color. (changed=False)
2023-08-18T04:41:53.427287+00:00 DEBUG 'ansible_navigator.main' Completed post processing for execution_environment. (changed=False)
2023-08-18T04:41:53.427327+00:00 DEBUG 'ansible_navigator.main' Completed post processing for execution_environment_image. (changed=False)
2023-08-18T04:41:53.427350+00:00 DEBUG 'ansible_navigator.main' Completed post processing for help_builder. (changed=False)
2023-08-18T04:41:53.427371+00:00 DEBUG 'ansible_navigator.main' Completed post processing for help_config. (changed=False)
2023-08-18T04:41:53.427393+00:00 DEBUG 'ansible_navigator.main' Completed post processing for help_doc. (changed=False)
2023-08-18T04:41:53.427413+00:00 DEBUG 'ansible_navigator.main' Completed post processing for help_inventory. (changed=False)
2023-08-18T04:41:53.427432+00:00 DEBUG 'ansible_navigator.main' Completed post processing for help_playbook. (changed=False)
2023-08-18T04:41:53.427451+00:00 DEBUG 'ansible_navigator.main' Completed post processing for images_details. (changed=False)
2023-08-18T04:41:53.427470+00:00 DEBUG 'ansible_navigator.main' Completed post processing for inventory. (changed=True)
2023-08-18T04:41:53.427489+00:00 DEBUG 'ansible_navigator.main'  before: 'Not set'
2023-08-18T04:41:53.427509+00:00 DEBUG 'ansible_navigator.main'  after: '['/home/student/devops/inventory']'
2023-08-18T04:41:53.427528+00:00 DEBUG 'ansible_navigator.main' Completed post processing for inventory_column. (changed=False)
2023-08-18T04:41:53.427547+00:00 DEBUG 'ansible_navigator.main' Completed post processing for log_file. (changed=False)
2023-08-18T04:41:53.427566+00:00 DEBUG 'ansible_navigator.main' Completed post processing for pass_environment_variable. (changed=False)
2023-08-18T04:41:53.427585+00:00 DEBUG 'ansible_navigator.main' Completed post processing for playbook. (changed=False)
2023-08-18T04:41:53.427604+00:00 DEBUG 'ansible_navigator.main' Completed post processing for playbook_artifact_replay. (changed=False)
2023-08-18T04:41:53.427623+00:00 DEBUG 'ansible_navigator.main' Completed post processing for playbook_artifact_save_as. (changed=False)
2023-08-18T04:41:53.427649+00:00 DEBUG 'ansible_navigator.main' Completed post processing for plugin_name. (changed=False)
2023-08-18T04:41:53.427669+00:00 DEBUG 'ansible_navigator.main' Completed post processing for pull_arguments. (changed=False)
2023-08-18T04:41:53.427688+00:00 DEBUG 'ansible_navigator.main' Completed post processing for set_environment_variable. (changed=False)
2023-08-18T04:41:53.427708+00:00 DEBUG 'ansible_navigator.main' Completed post processing for settings_effective. (changed=False)
2023-08-18T04:41:53.427727+00:00 DEBUG 'ansible_navigator.main' Completed post processing for settings_sample. (changed=False)
2023-08-18T04:41:53.427749+00:00 DEBUG 'ansible_navigator.main' Completed post processing for settings_schema. (changed=False)
2023-08-18T04:41:53.427768+00:00 DEBUG 'ansible_navigator.main' Completed post processing for settings_sources. (changed=False)
2023-08-18T04:41:53.427787+00:00 DEBUG 'ansible_navigator.main' Completed post processing for time_zone. (changed=False)
2023-08-18T04:41:53.427806+00:00 DEBUG 'ansible_navigator.main' Completed post processing for execution_environment_volume_mounts. (changed=False)
2023-08-18T04:41:53.427825+00:00 DEBUG 'ansible_navigator.main' Completed post processing for mode. (changed=False)
2023-08-18T04:41:53.427847+00:00 WARNING 'ansible_navigator.main' Configuration errors encountered, rolling back to previous configuration.
2023-08-18T04:41:53.427867+00:00 DEBUG 'ansible_navigator.main' Prior to rollback: ansible_runner_artifact_dir = 'Not set' (Constants/Not set)
2023-08-18T04:41:53.427886+00:00 DEBUG 'ansible_navigator.main' Prior to rollback: ansible_runner_rotate_artifacts_count = 'Not set' (Constants/Not set)
2023-08-18T04:41:53.427905+00:00 DEBUG 'ansible_navigator.main' Prior to rollback: ansible_runner_timeout = 'Not set' (Constants/Not set)
2023-08-18T04:41:53.427924+00:00 DEBUG 'ansible_navigator.main' Prior to rollback: app = 'images' (str/Command line)
2023-08-18T04:41:53.427943+00:00 DEBUG 'ansible_navigator.main' Prior to rollback: cmdline = 'Not set' (Constants/Not set)
2023-08-18T04:41:53.427962+00:00 DEBUG 'ansible_navigator.main' Prior to rollback: collection_doc_cache_path = '/home/student/.cache/ansible-navigator/collection_doc_cache.db' (str/Defaults)
2023-08-18T04:41:53.427981+00:00 DEBUG 'ansible_navigator.main' Prior to rollback: config = 'Not set' (Constants/Not set)
2023-08-18T04:41:53.428000+00:00 DEBUG 'ansible_navigator.main' Prior to rollback: container_engine = 'podman' (str/Automatically determined)
2023-08-18T04:41:53.428019+00:00 DEBUG 'ansible_navigator.main' Prior to rollback: container_options = 'Not set' (Constants/Not set)
2023-08-18T04:41:53.428038+00:00 DEBUG 'ansible_navigator.main' Prior to rollback: display_color = 'True' (bool/Defaults)
2023-08-18T04:41:53.428056+00:00 DEBUG 'ansible_navigator.main' Prior to rollback: editor_command = 'vi +{line_number} {filename}' (str/Defaults)
2023-08-18T04:41:53.428075+00:00 DEBUG 'ansible_navigator.main' Prior to rollback: editor_console = 'True' (bool/Defaults)
2023-08-18T04:41:53.428094+00:00 DEBUG 'ansible_navigator.main' Prior to rollback: exec_command = '/bin/bash' (str/Defaults)
2023-08-18T04:41:53.428113+00:00 DEBUG 'ansible_navigator.main' Prior to rollback: exec_shell = 'True' (bool/Defaults)
2023-08-18T04:41:53.428132+00:00 DEBUG 'ansible_navigator.main' Prior to rollback: execution_environment = 'True' (bool/Defaults)
2023-08-18T04:41:53.428151+00:00 DEBUG 'ansible_navigator.main' Prior to rollback: execution_environment_image = 'ee-motd-minimal:1.0' (str/Command line)
2023-08-18T04:41:53.428170+00:00 DEBUG 'ansible_navigator.main' Prior to rollback: execution_environment_volume_mounts = 'Not set' (Constants/Not set)
2023-08-18T04:41:53.428189+00:00 DEBUG 'ansible_navigator.main' Prior to rollback: help_builder = 'False' (bool/Defaults)
2023-08-18T04:41:53.428208+00:00 DEBUG 'ansible_navigator.main' Prior to rollback: help_config = 'False' (bool/Defaults)
2023-08-18T04:41:53.428227+00:00 DEBUG 'ansible_navigator.main' Prior to rollback: help_doc = 'False' (bool/Defaults)
2023-08-18T04:41:53.428246+00:00 DEBUG 'ansible_navigator.main' Prior to rollback: help_inventory = 'False' (bool/Defaults)
2023-08-18T04:41:53.428265+00:00 DEBUG 'ansible_navigator.main' Prior to rollback: help_playbook = 'False' (bool/Defaults)
2023-08-18T04:41:53.428284+00:00 DEBUG 'ansible_navigator.main' Prior to rollback: images_details = '['everything']' (list/Defaults)
2023-08-18T04:41:53.428319+00:00 DEBUG 'ansible_navigator.main' Prior to rollback: inventory = '['/home/student/devops/inventory']' (list/Ansible configuration file)
2023-08-18T04:41:53.428342+00:00 DEBUG 'ansible_navigator.main' Prior to rollback: inventory_column = 'Not set' (Constants/Not set)
2023-08-18T04:41:53.428361+00:00 DEBUG 'ansible_navigator.main' Prior to rollback: lint_config = 'Not set' (Constants/Not set)
2023-08-18T04:41:53.428381+00:00 DEBUG 'ansible_navigator.main' Prior to rollback: lintables = 'Not set' (Constants/Not set)
2023-08-18T04:41:53.428400+00:00 DEBUG 'ansible_navigator.main' Prior to rollback: log_append = 'True' (bool/Defaults)
2023-08-18T04:41:53.428419+00:00 DEBUG 'ansible_navigator.main' Prior to rollback: log_file = '/home/student/devops/ansible-navigator.log' (str/Defaults)
2023-08-18T04:41:53.428438+00:00 DEBUG 'ansible_navigator.main' Prior to rollback: log_level = 'warning' (str/Defaults)
2023-08-18T04:41:53.428458+00:00 DEBUG 'ansible_navigator.main' Prior to rollback: mode = 'stdin' (str/Command line)
2023-08-18T04:41:53.428477+00:00 DEBUG 'ansible_navigator.main' Prior to rollback: osc4 = 'True' (bool/Defaults)
2023-08-18T04:41:53.428496+00:00 DEBUG 'ansible_navigator.main' Prior to rollback: pass_environment_variable = 'Not set' (Constants/Not set)
2023-08-18T04:41:53.428515+00:00 DEBUG 'ansible_navigator.main' Prior to rollback: playbook = 'Not set' (Constants/Not set)
2023-08-18T04:41:53.428534+00:00 DEBUG 'ansible_navigator.main' Prior to rollback: playbook_artifact_enable = 'False' (bool/Settings file)
2023-08-18T04:41:53.428554+00:00 DEBUG 'ansible_navigator.main' Prior to rollback: playbook_artifact_replay = 'Not set' (Constants/Not set)
2023-08-18T04:41:53.428572+00:00 DEBUG 'ansible_navigator.main' Prior to rollback: playbook_artifact_save_as = '{playbook_dir}/{playbook_name}-artifact-{time_stamp}.json' (str/Defaults)
2023-08-18T04:41:53.428592+00:00 DEBUG 'ansible_navigator.main' Prior to rollback: plugin_name = 'Not set' (Constants/Not set)
2023-08-18T04:41:53.428611+00:00 DEBUG 'ansible_navigator.main' Prior to rollback: plugin_type = 'module' (str/Defaults)
2023-08-18T04:41:53.428630+00:00 DEBUG 'ansible_navigator.main' Prior to rollback: pull_arguments = 'Not set' (Constants/Not set)
2023-08-18T04:41:53.428649+00:00 DEBUG 'ansible_navigator.main' Prior to rollback: pull_policy = 'missing' (str/Settings file)
2023-08-18T04:41:53.428668+00:00 DEBUG 'ansible_navigator.main' Prior to rollback: set_environment_variable = 'Not set' (Constants/Not set)
2023-08-18T04:41:53.428686+00:00 DEBUG 'ansible_navigator.main' Prior to rollback: settings_effective = 'False' (bool/Defaults)
2023-08-18T04:41:53.428705+00:00 DEBUG 'ansible_navigator.main' Prior to rollback: settings_sample = 'False' (bool/Defaults)
2023-08-18T04:41:53.428725+00:00 DEBUG 'ansible_navigator.main' Prior to rollback: settings_schema = 'json' (str/Defaults)
2023-08-18T04:41:53.428743+00:00 DEBUG 'ansible_navigator.main' Prior to rollback: settings_sources = 'False' (bool/Defaults)
2023-08-18T04:41:53.428762+00:00 DEBUG 'ansible_navigator.main' Prior to rollback: time_zone = 'UTC' (str/Defaults)
2023-08-18T04:41:53.428782+00:00 DEBUG 'ansible_navigator.main' Prior to rollback: workdir = '/home/student/devops' (str/Defaults)
2023-08-18T04:41:53.428801+00:00 DEBUG 'ansible_navigator.main' After rollback: ansible_runner_artifact_dir = 'Not set' (Constants/Not set)
2023-08-18T04:41:53.428820+00:00 DEBUG 'ansible_navigator.main' After rollback: ansible_runner_rotate_artifacts_count = 'Not set' (Constants/Not set)
2023-08-18T04:41:53.428839+00:00 DEBUG 'ansible_navigator.main' After rollback: ansible_runner_timeout = 'Not set' (Constants/Not set)
2023-08-18T04:41:53.428858+00:00 DEBUG 'ansible_navigator.main' After rollback: app = 'Not set' (Constants/Not set)
2023-08-18T04:41:53.428878+00:00 DEBUG 'ansible_navigator.main' After rollback: cmdline = 'Not set' (Constants/Not set)
2023-08-18T04:41:53.428896+00:00 DEBUG 'ansible_navigator.main' After rollback: collection_doc_cache_path = 'Not set' (Constants/Not set)
2023-08-18T04:41:53.428916+00:00 DEBUG 'ansible_navigator.main' After rollback: config = 'Not set' (Constants/Not set)
2023-08-18T04:41:53.428937+00:00 DEBUG 'ansible_navigator.main' After rollback: container_engine = 'Not set' (Constants/Not set)
2023-08-18T04:41:53.428969+00:00 DEBUG 'ansible_navigator.main' After rollback: container_options = 'Not set' (Constants/Not set)
2023-08-18T04:41:53.428997+00:00 DEBUG 'ansible_navigator.main' After rollback: display_color = 'Not set' (Constants/Not set)
2023-08-18T04:41:53.429025+00:00 DEBUG 'ansible_navigator.main' After rollback: editor_command = 'Not set' (Constants/Not set)
2023-08-18T04:41:53.429059+00:00 DEBUG 'ansible_navigator.main' After rollback: editor_console = 'Not set' (Constants/Not set)
2023-08-18T04:41:53.429090+00:00 DEBUG 'ansible_navigator.main' After rollback: exec_command = 'Not set' (Constants/Not set)
2023-08-18T04:41:53.429121+00:00 DEBUG 'ansible_navigator.main' After rollback: exec_shell = 'Not set' (Constants/Not set)
2023-08-18T04:41:53.429150+00:00 DEBUG 'ansible_navigator.main' After rollback: execution_environment = 'Not set' (Constants/Not set)
2023-08-18T04:41:53.429180+00:00 DEBUG 'ansible_navigator.main' After rollback: execution_environment_image = 'Not set' (Constants/Not set)
2023-08-18T04:41:53.429211+00:00 DEBUG 'ansible_navigator.main' After rollback: execution_environment_volume_mounts = 'Not set' (Constants/Not set)
2023-08-18T04:41:53.429241+00:00 DEBUG 'ansible_navigator.main' After rollback: help_builder = 'Not set' (Constants/Not set)
2023-08-18T04:41:53.429271+00:00 DEBUG 'ansible_navigator.main' After rollback: help_config = 'Not set' (Constants/Not set)
2023-08-18T04:41:53.429329+00:00 DEBUG 'ansible_navigator.main' After rollback: help_doc = 'Not set' (Constants/Not set)
2023-08-18T04:41:53.429363+00:00 DEBUG 'ansible_navigator.main' After rollback: help_inventory = 'Not set' (Constants/Not set)
2023-08-18T04:41:53.429392+00:00 DEBUG 'ansible_navigator.main' After rollback: help_playbook = 'Not set' (Constants/Not set)
2023-08-18T04:41:53.429420+00:00 DEBUG 'ansible_navigator.main' After rollback: images_details = 'Not set' (Constants/Not set)
2023-08-18T04:41:53.429450+00:00 DEBUG 'ansible_navigator.main' After rollback: inventory = 'Not set' (Constants/Not set)
2023-08-18T04:41:53.429479+00:00 DEBUG 'ansible_navigator.main' After rollback: inventory_column = 'Not set' (Constants/Not set)
2023-08-18T04:41:53.429508+00:00 DEBUG 'ansible_navigator.main' After rollback: lint_config = 'Not set' (Constants/Not set)
2023-08-18T04:41:53.429537+00:00 DEBUG 'ansible_navigator.main' After rollback: lintables = 'Not set' (Constants/Not set)
2023-08-18T04:41:53.429566+00:00 DEBUG 'ansible_navigator.main' After rollback: log_append = 'Not set' (Constants/Not set)
2023-08-18T04:41:53.429595+00:00 DEBUG 'ansible_navigator.main' After rollback: log_file = 'Not set' (Constants/Not set)
2023-08-18T04:41:53.429625+00:00 DEBUG 'ansible_navigator.main' After rollback: log_level = 'Not set' (Constants/Not set)
2023-08-18T04:41:53.429653+00:00 DEBUG 'ansible_navigator.main' After rollback: mode = 'Not set' (Constants/Not set)
2023-08-18T04:41:53.429684+00:00 DEBUG 'ansible_navigator.main' After rollback: osc4 = 'Not set' (Constants/Not set)
2023-08-18T04:41:53.429712+00:00 DEBUG 'ansible_navigator.main' After rollback: pass_environment_variable = 'Not set' (Constants/Not set)
2023-08-18T04:41:53.429741+00:00 DEBUG 'ansible_navigator.main' After rollback: playbook = 'Not set' (Constants/Not set)
2023-08-18T04:41:53.429770+00:00 DEBUG 'ansible_navigator.main' After rollback: playbook_artifact_enable = 'Not set' (Constants/Not set)
2023-08-18T04:41:53.429799+00:00 DEBUG 'ansible_navigator.main' After rollback: playbook_artifact_replay = 'Not set' (Constants/Not set)
2023-08-18T04:41:53.429829+00:00 DEBUG 'ansible_navigator.main' After rollback: playbook_artifact_save_as = 'Not set' (Constants/Not set)
2023-08-18T04:41:53.429859+00:00 DEBUG 'ansible_navigator.main' After rollback: plugin_name = 'Not set' (Constants/Not set)
2023-08-18T04:41:53.429889+00:00 DEBUG 'ansible_navigator.main' After rollback: plugin_type = 'Not set' (Constants/Not set)
2023-08-18T04:41:53.429918+00:00 DEBUG 'ansible_navigator.main' After rollback: pull_arguments = 'Not set' (Constants/Not set)
2023-08-18T04:41:53.429958+00:00 DEBUG 'ansible_navigator.main' After rollback: pull_policy = 'Not set' (Constants/Not set)
2023-08-18T04:41:53.429988+00:00 DEBUG 'ansible_navigator.main' After rollback: set_environment_variable = 'Not set' (Constants/Not set)
2023-08-18T04:41:53.430017+00:00 DEBUG 'ansible_navigator.main' After rollback: settings_effective = 'Not set' (Constants/Not set)
2023-08-18T04:41:53.430046+00:00 DEBUG 'ansible_navigator.main' After rollback: settings_sample = 'Not set' (Constants/Not set)
2023-08-18T04:41:53.430075+00:00 DEBUG 'ansible_navigator.main' After rollback: settings_schema = 'Not set' (Constants/Not set)
2023-08-18T04:41:53.430103+00:00 DEBUG 'ansible_navigator.main' After rollback: settings_sources = 'Not set' (Constants/Not set)
2023-08-18T04:41:53.430132+00:00 DEBUG 'ansible_navigator.main' After rollback: time_zone = 'Not set' (Constants/Not set)
2023-08-18T04:41:53.430157+00:00 DEBUG 'ansible_navigator.main' After rollback: workdir = 'Not set' (Constants/Not set)
2023-08-18T04:41:53.430176+00:00 DEBUG 'ansible_navigator.main' Configuration rollback complete.
2023-08-18T04:41:53.430196+00:00 DEBUG 'ansible_navigator.main' Collection doc cache not mounted
2023-08-18T04:41:53.430229+00:00 WARNING 'ansible_navigator.main' Issues were found while applying the settings.
2023-08-18T04:41:53.430252+00:00 INFO 'ansible_navigator.main' Command provided: 'images --eei ee-motd-minimal:1.0 -m stdin'
2023-08-18T04:41:53.430278+00:00 ERROR 'ansible_navigator.main' The setting 'mode' must be one of 'stdout' or 'interactive', but set as 'stdin'. (Command line)
2023-08-18T04:41:53.430325+00:00 INFO 'ansible_navigator.main' Try again with '-m stdout' or '-m interactive'
2023-08-18T04:41:53.430348+00:00 INFO 'ansible_navigator.main' Configuration failed, using default log file location. (/home/student/devops/ansible-navigator.log) Log level set to debug
2023-08-18T04:41:53.430370+00:00 INFO 'ansible_navigator.main' Review the hints and log file to see what went wrong.
2023-08-18T04:45:07.598655+00:00 WARNING 'ansible_navigator.image_manager.puller._log_message' Image inspection failed, image assumed to be corrupted or missing
2023-08-18T04:45:08.091152+00:00 ERROR 'ansible_navigator.image_manager.puller._log_message' Execution environment pull failed
2023-08-18T04:45:34.090609+00:00 WARNING 'ansible_navigator.image_manager.puller._log_message' Image inspection failed, image assumed to be corrupted or missing
2023-08-18T04:45:37.227852+00:00 ERROR 'ansible_navigator.image_manager.puller._log_message' Execution environment pull failed
2023-08-18T04:46:02.504706+00:00 CRITICAL 'ansible_navigator.actions.run_6474._handle_message' Unhandled message from runner queue, discarded: {'event': 'verbose', 'uuid': 'f90edc4a-ffdb-4141-9b7f-1da27140e80a', 'counter': 1, 'stdout': "\x1b[0;31mERROR! the role 'ibm.testcollection.mymotd' was not found in /home/student/devops/roles:/home/runner/.ansible/roles:/usr/share/ansible/roles:/etc/ansible/roles:/home/student/devops\x1b[0m", 'start_line': 0, 'end_line': 1, 'runner_ident': 'd313074a-91ce-46e2-9d80-c2dcfa14a035', 'created': '2023-08-18T04:46:02.504357'}
2023-08-18T04:46:02.505639+00:00 CRITICAL 'ansible_navigator.actions.run_6474._handle_message' Unhandled message from runner queue, discarded: {'event': 'verbose', 'uuid': '9fed04d7-8ba4-4349-9fab-595f9ebb28da', 'counter': 2, 'stdout': '\x1b[0;31m\x1b[0m', 'start_line': 1, 'end_line': 2, 'runner_ident': 'd313074a-91ce-46e2-9d80-c2dcfa14a035', 'created': '2023-08-18T04:46:02.505006'}
2023-08-18T04:46:02.505728+00:00 CRITICAL 'ansible_navigator.actions.run_6474._handle_message' Unhandled message from runner queue, discarded: {'event': 'verbose', 'uuid': '4bbd0581-2626-4b80-b38d-28c84aaa7577', 'counter': 3, 'stdout': "\x1b[0;31mThe error appears to be in '/home/student/devops/site.yml': line 5, column 7, but may\x1b[0m", 'start_line': 2, 'end_line': 3, 'runner_ident': 'd313074a-91ce-46e2-9d80-c2dcfa14a035', 'created': '2023-08-18T04:46:02.505175'}
2023-08-18T04:46:02.505870+00:00 CRITICAL 'ansible_navigator.actions.run_6474._handle_message' Unhandled message from runner queue, discarded: {'event': 'verbose', 'uuid': '1f8247de-70ba-47f3-a1f4-c8c837bce9bb', 'counter': 4, 'stdout': '\x1b[0;31mbe elsewhere in the file depending on the exact syntax problem.\x1b[0m', 'start_line': 3, 'end_line': 4, 'runner_ident': 'd313074a-91ce-46e2-9d80-c2dcfa14a035', 'created': '2023-08-18T04:46:02.505304'}
2023-08-18T04:46:02.505929+00:00 CRITICAL 'ansible_navigator.actions.run_6474._handle_message' Unhandled message from runner queue, discarded: {'event': 'verbose', 'uuid': 'fb6fc799-a9d9-43be-aafd-a5046cd3b38d', 'counter': 5, 'stdout': '\x1b[0;31m\x1b[0m', 'start_line': 4, 'end_line': 5, 'runner_ident': 'd313074a-91ce-46e2-9d80-c2dcfa14a035', 'created': '2023-08-18T04:46:02.505768'}
2023-08-18T04:46:02.608124+00:00 CRITICAL 'ansible_navigator.actions.run_6474._handle_message' Unhandled message from runner queue, discarded: {'event': 'verbose', 'uuid': 'd866992a-0050-4486-aaf8-aabbda14a444', 'counter': 6, 'stdout': '\x1b[0;31mThe offending line appears to be:\x1b[0m', 'start_line': 5, 'end_line': 6, 'runner_ident': 'd313074a-91ce-46e2-9d80-c2dcfa14a035', 'created': '2023-08-18T04:46:02.506518'}
2023-08-18T04:46:02.608286+00:00 CRITICAL 'ansible_navigator.actions.run_6474._handle_message' Unhandled message from runner queue, discarded: {'event': 'verbose', 'uuid': '1c21c6ff-e0d1-4d4e-bfdc-665468da300f', 'counter': 7, 'stdout': '\x1b[0;31m\x1b[0m', 'start_line': 6, 'end_line': 7, 'runner_ident': 'd313074a-91ce-46e2-9d80-c2dcfa14a035', 'created': '2023-08-18T04:46:02.506618'}
2023-08-18T04:46:02.608364+00:00 CRITICAL 'ansible_navigator.actions.run_6474._handle_message' Unhandled message from runner queue, discarded: {'event': 'verbose', 'uuid': 'fffbff74-34ac-41f2-8001-087338675eb1', 'counter': 8, 'stdout': '\x1b[0;31m  roles:\x1b[0m', 'start_line': 7, 'end_line': 8, 'runner_ident': 'd313074a-91ce-46e2-9d80-c2dcfa14a035', 'created': '2023-08-18T04:46:02.506760'}
2023-08-18T04:46:02.608415+00:00 CRITICAL 'ansible_navigator.actions.run_6474._handle_message' Unhandled message from runner queue, discarded: {'event': 'verbose', 'uuid': '591f390c-408f-4312-a404-fa2ce7f94e6c', 'counter': 9, 'stdout': '\x1b[0;31m    - ibm.testcollection.mymotd\x1b[0m', 'start_line': 8, 'end_line': 9, 'runner_ident': 'd313074a-91ce-46e2-9d80-c2dcfa14a035', 'created': '2023-08-18T04:46:02.506842'}
2023-08-18T04:46:02.608461+00:00 CRITICAL 'ansible_navigator.actions.run_6474._handle_message' Unhandled message from runner queue, discarded: {'event': 'verbose', 'uuid': 'd8bfda35-e7dd-49cc-8db4-d1e33e1443ce', 'counter': 10, 'stdout': '\x1b[0;31m      ^ here\x1b[0m', 'start_line': 9, 'end_line': 10, 'runner_ident': 'd313074a-91ce-46e2-9d80-c2dcfa14a035', 'created': '2023-08-18T04:46:02.506892'}
